<?xml version="1.0" encoding="UTF-8"?>
<!-- Generated by org.testng.reporters.JUnitXMLReporter -->
<testsuite ignored="0" hostname="DESKTOP-46TDE3V" failures="1" tests="2" name="eCommerce Test" time="64.891" errors="0" timestamp="2022-01-15T13:37:56 IST">
  <testcase classname="com.eCommerce.testCases.TestCases" name="tc01_loginTest" time="34.477"/>
  <testcase classname="com.eCommerce.testCases.TestCases" name="tc02_AddNewCustomer" time="25.064">
    <failure type="java.lang.NullPointerException" message="Cannot invoke &amp;quot;org.openqa.selenium.WebElement.click()&amp;quot; because &amp;quot;this.AddNewButton&amp;quot; is null">
      <![CDATA[java.lang.NullPointerException: Cannot invoke "org.openqa.selenium.WebElement.click()" because "this.AddNewButton" is null
at com.eCommerce.pageObjects.AddNewCustomer.clickAddNewButton(AddNewCustomer.java:101)
at com.eCommerce.testCases.TestCases.tc02_AddNewCustomer(TestCases.java:61)
at java.base/java.util.ArrayList.forEach(ArrayList.java:1511)
... Removed 27 stack frames]]>
    </failure>
  </testcase> <!-- tc02_AddNewCustomer -->
</testsuite> <!-- eCommerce Test -->
