<?xml version="1.0" encoding="UTF-8"?>
<testng-results ignored="0" total="2" passed="1" failed="1" skipped="0">
  <reporter-output>
  </reporter-output>
  <suite started-at="2022-01-15T13:36:51 IST" name="eCommerceV6" finished-at="2022-01-15T13:37:56 IST" duration-ms="64891">
    <groups>
    </groups>
    <test started-at="2022-01-15T13:36:51 IST" name="eCommerce Test" finished-at="2022-01-15T13:37:56 IST" duration-ms="64891">
      <class name="com.eCommerce.testCases.TestCases">
        <test-method is-config="true" signature="setup(java.lang.String)[pri:0, instance:com.eCommerce.testCases.TestCases@d5b810e]" started-at="2022-01-15T13:36:51 IST" name="setup" finished-at="2022-01-15T13:36:56 IST" duration-ms="4462" status="PASS">
          <params>
            <param index="0">
              <value>
                <![CDATA[chrome]]>
              </value>
            </param>
          </params>
          <reporter-output>
          </reporter-output>
        </test-method> <!-- setup -->
        <test-method signature="tc01_loginTest()[pri:0, instance:com.eCommerce.testCases.TestCases@d5b810e]" started-at="2022-01-15T13:36:56 IST" name="tc01_loginTest" finished-at="2022-01-15T13:37:30 IST" duration-ms="34477" status="PASS">
          <reporter-output>
          </reporter-output>
        </test-method> <!-- tc01_loginTest -->
        <test-method signature="tc02_AddNewCustomer()[pri:0, instance:com.eCommerce.testCases.TestCases@d5b810e]" started-at="2022-01-15T13:37:30 IST" name="tc02_AddNewCustomer" finished-at="2022-01-15T13:37:55 IST" duration-ms="25064" status="FAIL">
          <exception class="java.lang.NullPointerException">
            <message>
              <![CDATA[Cannot invoke "org.openqa.selenium.WebElement.click()" because "this.AddNewButton" is null]]>
            </message>
            <full-stacktrace>
              <![CDATA[java.lang.NullPointerException: Cannot invoke "org.openqa.selenium.WebElement.click()" because "this.AddNewButton" is null
at com.eCommerce.pageObjects.AddNewCustomer.clickAddNewButton(AddNewCustomer.java:101)
at com.eCommerce.testCases.TestCases.tc02_AddNewCustomer(TestCases.java:61)
at java.base/jdk.internal.reflect.NativeMethodAccessorImpl.invoke0(Native Method)
at java.base/jdk.internal.reflect.NativeMethodAccessorImpl.invoke(NativeMethodAccessorImpl.java:78)
at java.base/jdk.internal.reflect.DelegatingMethodAccessorImpl.invoke(DelegatingMethodAccessorImpl.java:43)
at java.base/java.lang.reflect.Method.invoke(Method.java:567)
at org.testng.internal.MethodInvocationHelper.invokeMethod(MethodInvocationHelper.java:134)
at org.testng.internal.TestInvoker.invokeMethod(TestInvoker.java:597)
at org.testng.internal.TestInvoker.invokeTestMethod(TestInvoker.java:173)
at org.testng.internal.MethodRunner.runInSequence(MethodRunner.java:46)
at org.testng.internal.TestInvoker$MethodInvocationAgent.invoke(TestInvoker.java:816)
at org.testng.internal.TestInvoker.invokeTestMethods(TestInvoker.java:146)
at org.testng.internal.TestMethodWorker.invokeTestMethods(TestMethodWorker.java:146)
at org.testng.internal.TestMethodWorker.run(TestMethodWorker.java:128)
at java.base/java.util.ArrayList.forEach(ArrayList.java:1511)
at org.testng.TestRunner.privateRun(TestRunner.java:766)
at org.testng.TestRunner.run(TestRunner.java:587)
at org.testng.SuiteRunner.runTest(SuiteRunner.java:384)
at org.testng.SuiteRunner.runSequentially(SuiteRunner.java:378)
at org.testng.SuiteRunner.privateRun(SuiteRunner.java:337)
at org.testng.SuiteRunner.run(SuiteRunner.java:286)
at org.testng.SuiteRunnerWorker.runSuite(SuiteRunnerWorker.java:53)
at org.testng.SuiteRunnerWorker.run(SuiteRunnerWorker.java:96)
at org.testng.TestNG.runSuitesSequentially(TestNG.java:1187)
at org.testng.TestNG.runSuitesLocally(TestNG.java:1109)
at org.testng.TestNG.runSuites(TestNG.java:1039)
at org.testng.TestNG.run(TestNG.java:1007)
at org.testng.remote.AbstractRemoteTestNG.run(AbstractRemoteTestNG.java:115)
at org.testng.remote.RemoteTestNG.initAndRun(RemoteTestNG.java:251)
at org.testng.remote.RemoteTestNG.main(RemoteTestNG.java:77)
]]>
            </full-stacktrace>
          </exception> <!-- java.lang.NullPointerException -->
          <reporter-output>
          </reporter-output>
        </test-method> <!-- tc02_AddNewCustomer -->
        <test-method is-config="true" signature="tearDown()[pri:0, instance:com.eCommerce.testCases.TestCases@d5b810e]" started-at="2022-01-15T13:37:55 IST" name="tearDown" finished-at="2022-01-15T13:37:56 IST" duration-ms="811" status="PASS">
          <reporter-output>
          </reporter-output>
        </test-method> <!-- tearDown -->
      </class> <!-- com.eCommerce.testCases.TestCases -->
    </test> <!-- eCommerce Test -->
  </suite> <!-- eCommerceV6 -->
</testng-results>
